Arguments: 
  /usr/local/Cellar/node/8.4.0/bin/node /usr/local/Cellar/yarn/1.0.1/libexec/bin/yarn.js add -D @vuetify

PATH: 
  /usr/local/bin:/usr/bin:/bin:/usr/sbin:/sbin:/usr/local/share/dotnet:/Library/Frameworks/Mono.framework/Versions/Current/Commands:/Applications/Wireshark.app/Contents/MacOS:/Users/andrejsabrickis/.yarn/bin:/Users/andrejsabrickis/.composer/vendor/bin:/usr/local/Cellar/php56/5.6.31_7/bin:/usr/local/sbin:/Users/andrejsabrickis/bin:/Users/andrejsabrickis/bin

Yarn version: 
  1.0.1

Node version: 
  8.4.0

Platform: 
  darwin x64

npm manifest: 
  {
    "devDependencies": {
      "@aspnet/signalr-client": "^1.0.0-alpha1-final",
      "vuetify": "^0.15.7"
    }
  }

yarn manifest: 
  No manifest

Lockfile: 
  # THIS IS AN AUTOGENERATED FILE. DO NOT EDIT THIS FILE DIRECTLY.
  # yarn lockfile v1
  
  
  "@aspnet/signalr-client@^1.0.0-alpha1-final":
    version "1.0.0-alpha1-final"
    resolved "https://registry.yarnpkg.com/@aspnet/signalr-client/-/signalr-client-1.0.0-alpha1-final.tgz#1f590384a5a79c3ae1ea2b9e0f3d8d8cdac44f7d"
    dependencies:
      msgpack5 "^3.5.0"
  
  bl@^1.2.1:
    version "1.2.1"
    resolved "https://registry.yarnpkg.com/bl/-/bl-1.2.1.tgz#cac328f7bee45730d404b692203fcb590e172d5e"
    dependencies:
      readable-stream "^2.0.5"
  
  core-util-is@~1.0.0:
    version "1.0.2"
    resolved "https://registry.yarnpkg.com/core-util-is/-/core-util-is-1.0.2.tgz#b5fd54220aa2bc5ab57aab7140c940754503c1a7"
  
  inherits@^2.0.3, inherits@~2.0.3:
    version "2.0.3"
    resolved "https://registry.yarnpkg.com/inherits/-/inherits-2.0.3.tgz#633c2c83e3da42a502f52466022480f4208261de"
  
  isarray@~1.0.0:
    version "1.0.0"
    resolved "https://registry.yarnpkg.com/isarray/-/isarray-1.0.0.tgz#bb935d48582cba168c06834957a54a3e07124f11"
  
  msgpack5@^3.5.0:
    version "3.5.1"
    resolved "https://registry.yarnpkg.com/msgpack5/-/msgpack5-3.5.1.tgz#9d97d00893a1d4a1b045be026a3ff7c9e50f301a"
    dependencies:
      bl "^1.2.1"
      inherits "^2.0.3"
      readable-stream "^2.3.3"
      safe-buffer "^5.1.1"
  
  process-nextick-args@~1.0.6:
    version "1.0.7"
    resolved "https://registry.yarnpkg.com/process-nextick-args/-/process-nextick-args-1.0.7.tgz#150e20b756590ad3f91093f25a4f2ad8bff30ba3"
  
  readable-stream@^2.0.5, readable-stream@^2.3.3:
    version "2.3.3"
    resolved "https://registry.yarnpkg.com/readable-stream/-/readable-stream-2.3.3.tgz#368f2512d79f9d46fdfc71349ae7878bbc1eb95c"
    dependencies:
      core-util-is "~1.0.0"
      inherits "~2.0.3"
      isarray "~1.0.0"
      process-nextick-args "~1.0.6"
      safe-buffer "~5.1.1"
      string_decoder "~1.0.3"
      util-deprecate "~1.0.1"
  
  safe-buffer@^5.1.1, safe-buffer@~5.1.0, safe-buffer@~5.1.1:
    version "5.1.1"
    resolved "https://registry.yarnpkg.com/safe-buffer/-/safe-buffer-5.1.1.tgz#893312af69b2123def71f57889001671eeb2c853"
  
  string_decoder@~1.0.3:
    version "1.0.3"
    resolved "https://registry.yarnpkg.com/string_decoder/-/string_decoder-1.0.3.tgz#0fc67d7c141825de94282dd536bec6b9bce860ab"
    dependencies:
      safe-buffer "~5.1.0"
  
  util-deprecate@~1.0.1:
    version "1.0.2"
    resolved "https://registry.yarnpkg.com/util-deprecate/-/util-deprecate-1.0.2.tgz#450d4dc9fa70de732762fbd2d4a28981419a0ccf"
  
  vuetify@^0.15.7:
    version "0.15.7"
    resolved "https://registry.yarnpkg.com/vuetify/-/vuetify-0.15.7.tgz#a712d646485d22dfd8b7ab2e70fb378582beb9d7"

Trace: 
  Error: https://registry.yarnpkg.com/@vuetify: Not found
      at Request.params.callback [as _callback] (/usr/local/Cellar/yarn/1.0.1/libexec/lib/cli.js:60278:18)
      at Request.self.callback (/usr/local/Cellar/yarn/1.0.1/libexec/lib/cli.js:117324:22)
      at emitTwo (events.js:125:13)
      at Request.emit (events.js:213:7)
      at Request.<anonymous> (/usr/local/Cellar/yarn/1.0.1/libexec/lib/cli.js:118307:10)
      at emitOne (events.js:115:13)
      at Request.emit (events.js:210:7)
      at IncomingMessage.<anonymous> (/usr/local/Cellar/yarn/1.0.1/libexec/lib/cli.js:118227:12)
      at Object.onceWrapper (events.js:314:30)
      at emitNone (events.js:110:20)
